# JRE version: Java(TM) SE Runtime Environment (8.0_60-b15) (build 1.8.0_60-ea-b15)
# Java VM: Java HotSpot(TM) 64-Bit Server VM (25.60-b15 mixed mode windows-amd64 compressed oops)
Heap:
 PSYoungGen      total 691712K, used 120367K [0x00000000d5a00000, 0x00000000fff00000, 0x0000000100000000)
  eden space 691200K, 17% used [0x00000000d5a00000,0x00000000dcf6bfd8,0x00000000ffd00000)
  from space 512K, 25% used [0x00000000ffe80000,0x00000000ffea0000,0x00000000fff00000)
  to   space 1024K, 0% used [0x00000000ffd00000,0x00000000ffd00000,0x00000000ffe00000)
 ParOldGen       total 87552K, used 7578K [0x0000000080e00000, 0x0000000086380000, 0x00000000d5a00000)
  object space 87552K, 8% used [0x0000000080e00000,0x0000000081566ad8,0x0000000086380000)
 Metaspace       used 5913K, capacity 6000K, committed 6144K, reserved 1056768K
  class space    used 632K, capacity 660K, committed 768K, reserved 1048576K
GC Heap History (10 events):
Event: 60.165 GC heap before
{Heap before GC invocations=44 (full 0):
 PSYoungGen      total 691712K, used 690272K [0x00000000d5a00000, 0x0000000100000000, 0x0000000100000000)
  eden space 690176K, 100% used [0x00000000d5a00000,0x00000000ffc00000,0x00000000ffc00000)
  from space 1536K, 6% used [0x00000000ffc00000,0x00000000ffc18000,0x00000000ffd80000)
  to   space 1536K, 0% used [0x00000000ffe80000,0x00000000ffe80000,0x0000000100000000)
 ParOldGen       total 87552K, used 7250K [0x0000000080e00000, 0x0000000086380000, 0x00000000d5a00000)
  object space 87552K, 8% used [0x0000000080e00000,0x0000000081514ad8,0x0000000086380000)
 Metaspace       used 5913K, capacity 6000K, committed 6144K, reserved 1056768K
  class space    used 632K, capacity 660K, committed 768K, reserved 1048576K
Event: 60.182 GC heap after
Heap after GC invocations=44 (full 0):
 PSYoungGen      total 692736K, used 96K [0x00000000d5a00000, 0x0000000100000000, 0x0000000100000000)
  eden space 691200K, 0% used [0x00000000d5a00000,0x00000000d5a00000,0x00000000ffd00000)
  from space 1536K, 6% used [0x00000000ffe80000,0x00000000ffe98000,0x0000000100000000)
  to   space 1536K, 0% used [0x00000000ffd00000,0x00000000ffd00000,0x00000000ffe80000)
 ParOldGen       total 87552K, used 7258K [0x0000000080e00000, 0x0000000086380000, 0x00000000d5a00000)
  object space 87552K, 8% used [0x0000000080e00000,0x0000000081516ad8,0x0000000086380000)
 Metaspace       used 5913K, capacity 6000K, committed 6144K, reserved 1056768K
  class space    used 632K, capacity 660K, committed 768K, reserved 1048576K
}
Event: 60.248 GC heap before
{Heap before GC invocations=45 (full 0):
 PSYoungGen      total 692736K, used 691296K [0x00000000d5a00000, 0x0000000100000000, 0x0000000100000000)
  eden space 691200K, 100% used [0x00000000d5a00000,0x00000000ffd00000,0x00000000ffd00000)
  from space 1536K, 6% used [0x00000000ffe80000,0x00000000ffe98000,0x0000000100000000)
  to   space 1536K, 0% used [0x00000000ffd00000,0x00000000ffd00000,0x00000000ffe80000)
 ParOldGen       total 87552K, used 7258K [0x0000000080e00000, 0x0000000086380000, 0x00000000d5a00000)
  object space 87552K, 8% used [0x0000000080e00000,0x0000000081516ad8,0x0000000086380000)
 Metaspace       used 5913K, capacity 6000K, committed 6144K, reserved 1056768K
  class space    used 632K, capacity 660K, committed 768K, reserved 1048576K
Event: 60.249 GC heap after
Heap after GC invocations=45 (full 0):
 PSYoungGen      total 692736K, used 160K [0x00000000d5a00000, 0x0000000100000000, 0x0000000100000000)
  eden space 691200K, 0% used [0x00000000d5a00000,0x00000000d5a00000,0x00000000ffd00000)
  from space 1536K, 10% used [0x00000000ffd00000,0x00000000ffd28000,0x00000000ffe80000)
  to   space 1536K, 0% used [0x00000000ffe80000,0x00000000ffe80000,0x0000000100000000)
 ParOldGen       total 87552K, used 7266K [0x0000000080e00000, 0x0000000086380000, 0x00000000d5a00000)
  object space 87552K, 8% used [0x0000000080e00000,0x0000000081518ad8,0x0000000086380000)
 Metaspace       used 5913K, capacity 6000K, committed 6144K, reserved 1056768K
  class space    used 632K, capacity 660K, committed 768K, reserved 1048576K
}
Event: 60.377 GC heap before
{Heap before GC invocations=46 (full 0):
 PSYoungGen      total 692736K, used 691360K [0x00000000d5a00000, 0x0000000100000000, 0x0000000100000000)
  eden space 691200K, 100% used [0x00000000d5a00000,0x00000000ffd00000,0x00000000ffd00000)
  from space 1536K, 10% used [0x00000000ffd00000,0x00000000ffd28000,0x00000000ffe80000)
  to   space 1536K, 0% used [0x00000000ffe80000,0x00000000ffe80000,0x0000000100000000)
 ParOldGen       total 87552K, used 7266K [0x0000000080e00000, 0x0000000086380000, 0x00000000d5a00000)
  object space 87552K, 8% used [0x0000000080e00000,0x0000000081518ad8,0x0000000086380000)
 Metaspace       used 5913K, capacity 6000K, committed 6144K, reserved 1056768K
  class space    used 632K, capacity 660K, committed 768K, reserved 1048576K
Event: 60.381 GC heap after
Heap after GC invocations=46 (full 0):
 PSYoungGen      total 692736K, used 448K [0x00000000d5a00000, 0x0000000100000000, 0x0000000100000000)
  eden space 691200K, 0% used [0x00000000d5a00000,0x00000000d5a00000,0x00000000ffd00000)
  from space 1536K, 29% used [0x00000000ffe80000,0x00000000ffef0000,0x0000000100000000)
  to   space 1536K, 0% used [0x00000000ffd00000,0x00000000ffd00000,0x00000000ffe80000)
 ParOldGen       total 87552K, used 7274K [0x0000000080e00000, 0x0000000086380000, 0x00000000d5a00000)
  object space 87552K, 8% used [0x0000000080e00000,0x000000008151aad8,0x0000000086380000)
 Metaspace       used 5913K, capacity 6000K, committed 6144K, reserved 1056768K
  class space    used 632K, capacity 660K, committed 768K, reserved 1048576K
}
Event: 60.458 GC heap before
{Heap before GC invocations=47 (full 0):
 PSYoungGen      total 692736K, used 691648K [0x00000000d5a00000, 0x0000000100000000, 0x0000000100000000)
  eden space 691200K, 100% used [0x00000000d5a00000,0x00000000ffd00000,0x00000000ffd00000)
  from space 1536K, 29% used [0x00000000ffe80000,0x00000000ffef0000,0x0000000100000000)
  to   space 1536K, 0% used [0x00000000ffd00000,0x00000000ffd00000,0x00000000ffe80000)
 ParOldGen       total 87552K, used 7274K [0x0000000080e00000, 0x0000000086380000, 0x00000000d5a00000)
  object space 87552K, 8% used [0x0000000080e00000,0x000000008151aad8,0x0000000086380000)
 Metaspace       used 5913K, capacity 6000K, committed 6144K, reserved 1056768K
  class space    used 632K, capacity 660K, committed 768K, reserved 1048576K
Event: 60.468 GC heap after
Heap after GC invocations=47 (full 0):
 PSYoungGen      total 692736K, used 160K [0x00000000d5a00000, 0x0000000100000000, 0x0000000100000000)
  eden space 691200K, 0% used [0x00000000d5a00000,0x00000000d5a00000,0x00000000ffd00000)
  from space 1536K, 10% used [0x00000000ffd00000,0x00000000ffd28000,0x00000000ffe80000)
  to   space 1536K, 0% used [0x00000000ffe80000,0x00000000ffe80000,0x0000000100000000)
 ParOldGen       total 87552K, used 7570K [0x0000000080e00000, 0x0000000086380000, 0x00000000d5a00000)
  object space 87552K, 8% used [0x0000000080e00000,0x0000000081564ad8,0x0000000086380000)
 Metaspace       used 5913K, capacity 6000K, committed 6144K, reserved 1056768K
  class space    used 632K, capacity 660K, committed 768K, reserved 1048576K
}
Event: 60.563 GC heap before
{Heap before GC invocations=48 (full 0):
 PSYoungGen      total 692736K, used 691360K [0x00000000d5a00000, 0x0000000100000000, 0x0000000100000000)
  eden space 691200K, 100% used [0x00000000d5a00000,0x00000000ffd00000,0x00000000ffd00000)
  from space 1536K, 10% used [0x00000000ffd00000,0x00000000ffd28000,0x00000000ffe80000)
  to   space 1536K, 0% used [0x00000000ffe80000,0x00000000ffe80000,0x0000000100000000)
 ParOldGen       total 87552K, used 7570K [0x0000000080e00000, 0x0000000086380000, 0x00000000d5a00000)
  object space 87552K, 8% used [0x0000000080e00000,0x0000000081564ad8,0x0000000086380000)
 Metaspace       used 5913K, capacity 6000K, committed 6144K, reserved 1056768K
  class space    used 632K, capacity 660K, committed 768K, reserved 1048576K
Event: 60.579 GC heap after
Heap after GC invocations=48 (full 0):
 PSYoungGen      total 691712K, used 128K [0x00000000d5a00000, 0x00000000fff00000, 0x0000000100000000)
  eden space 691200K, 0% used [0x00000000d5a00000,0x00000000d5a00000,0x00000000ffd00000)
  from space 512K, 25% used [0x00000000ffe80000,0x00000000ffea0000,0x00000000fff00000)
  to   space 1024K, 0% used [0x00000000ffd00000,0x00000000ffd00000,0x00000000ffe00000)
 ParOldGen       total 87552K, used 7578K [0x0000000080e00000, 0x0000000086380000, 0x00000000d5a00000)
  object space 87552K, 8% used [0x0000000080e00000,0x0000000081566ad8,0x0000000086380000)
 Metaspace       used 5913K, capacity 6000K, committed 6144K, reserved 1056768K
  class space    used 632K, capacity 660K, committed 768K, reserved 1048576K
}

